e:\work\blessnhs\gwpm\hub\lib\gsnetwork\x64\debug\gsnetwork_d.pch
e:\work\blessnhs\gwpm\hub\lib\gsnetwork\x64\debug\gsnetwork.pdb
e:\work\blessnhs\gwpm\hub\lib\gsnetwork\x64\debug\gsnetwork.idb
e:\work\blessnhs\gwpm\hub\lib\gsnetwork\x64\debug\stdafx.obj
e:\work\blessnhs\gwpm\hub\lib\gsnetwork\x64\debug\consolehelper.obj
e:\work\blessnhs\gwpm\hub\lib\gsnetwork\x64\debug\functor.obj
e:\work\blessnhs\gwpm\hub\lib\gsnetwork\x64\debug\gscommand.obj
e:\work\blessnhs\gwpm\hub\lib\gsnetwork\x64\debug\gspacket.obj
e:\work\blessnhs\gwpm\hub\lib\gsnetwork\x64\debug\gsserialize.obj
e:\work\blessnhs\gwpm\hub\lib\gsnetwork\x64\debug\gstimerq.obj
e:\work\blessnhs\gwpm\hub\lib\gsnetwork\x64\debug\iprocess.obj
e:\work\blessnhs\gwpm\hub\lib\gsnetwork\x64\debug\minidumphelp.obj
e:\work\blessnhs\gwpm\hub\lib\gsnetwork\x64\debug\singletonholder.obj
e:\work\blessnhs\gwpm\hub\lib\gsnetwork\x64\debug\crashrepoter.obj
e:\work\blessnhs\gwpm\hub\lib\gsnetwork\x64\debug\stackwalker.obj
e:\work\blessnhs\gwpm\hub\lib\gsnetwork\x64\debug\gsallocator.obj
e:\work\blessnhs\gwpm\hub\lib\gsnetwork\x64\debug\gsdispatch.obj
e:\work\blessnhs\gwpm\hub\lib\gsnetwork\x64\debug\gsodbc.obj
e:\work\blessnhs\gwpm\hub\lib\gsnetwork\x64\debug\gsserver.obj
e:\work\blessnhs\gwpm\hub\lib\gsnetwork\x64\debug\iclientsession.obj
e:\work\blessnhs\gwpm\hub\lib\gsnetwork\x64\debug\iserverprocess.obj
e:\work\blessnhs\gwpm\hub\lib\gsnetwork\x64\debug\msg_player_accept.obj
e:\work\blessnhs\gwpm\hub\lib\gsnetwork\x64\debug\cppsqlite3.obj
e:\work\blessnhs\gwpm\hub\lib\gsnetwork\x64\debug\sfexceptionhandlerutil.obj
e:\work\blessnhs\gwpm\hub\lib\gsnetwork\x64\debug\requestplayerauth.obj
e:\work\blessnhs\gwpm\hub\lib\gsnetwork\x64\debug\gsclientmgr.obj
e:\work\blessnhs\gwpm\hub\lib\gsnetwork\x64\debug\gslog.obj
e:\work\blessnhs\gwpm\hub\lib\gsnetwork\x64\debug\gsproactor.obj
e:\work\blessnhs\gwpm\hub\lib\gsnetwork\x64\debug\gssockettcp.obj
e:\work\blessnhs\gwpm\hub\lib\gsnetwork\x64\debug\iudpprocess.obj
e:\work\blessnhs\gwpm\hub\lib\gsnetwork\x64\debug\msg_player_close.obj
e:\work\blessnhs\gwpm\hub\lib\gsnetwork\x64\debug\gwsqllitemgr.obj
e:\work\blessnhs\gwpm\hub\lib\gsnetwork\x64\debug\sfcrashhandler.obj
e:\work\blessnhs\gwpm\hub\lib\gsnetwork\x64\debug\clearconcurrent.obj
e:\work\blessnhs\gwpm\hub\lib\gsnetwork\x64\debug\gsbuffer.obj
e:\work\blessnhs\gwpm\hub\lib\gsnetwork\x64\debug\gsguard.obj
e:\work\blessnhs\gwpm\hub\lib\gsnetwork\x64\debug\gspackettcp.obj
e:\work\blessnhs\gwpm\hub\lib\gsnetwork\x64\debug\gsserveragent.obj
e:\work\blessnhs\gwpm\hub\lib\gsnetwork\x64\debug\igscontainer.obj
e:\work\blessnhs\gwpm\hub\lib\gsnetwork\x64\debug\lock.obj
e:\work\blessnhs\gwpm\hub\lib\gsnetwork\x64\debug\msg_player_packet.obj
e:\work\blessnhs\gwpm\hub\lib\gsnetwork\x64\debug\systimer.obj
e:\work\blessnhs\gwpm\hub\lib\gsnetwork\x64\debug\adapt.obj
e:\work\blessnhs\gwpm\hub\lib\gsnetwork\x64\debug\dbprocesscontainer.obj
e:\work\blessnhs\gwpm\hub\lib\gsnetwork\x64\debug\gseventselect.obj
e:\work\blessnhs\gwpm\hub\lib\gsnetwork\x64\debug\gsobject.obj
e:\work\blessnhs\gwpm\hub\lib\gsnetwork\x64\debug\gsreactorimpl.obj
e:\work\blessnhs\gwpm\hub\lib\gsnetwork\x64\debug\gstimerjob.obj
e:\work\blessnhs\gwpm\hub\lib\gsnetwork\x64\debug\iplayerprocess.obj
e:\work\blessnhs\gwpm\hub\lib\gsnetwork\x64\debug\msg_packet_udp.obj
e:\work\blessnhs\gwpm\hub\lib\gsnetwork\x64\debug\packetbuffer.obj
e:\work\blessnhs\gwpm\hub\lib\gsnetwork\x64\debug\base64.obj
e:\work\blessnhs\gwpm\hub\lib\gsnetwork\x64\debug\dbprocess.obj
e:\work\blessnhs\gwpm\hub\lib\gsnetwork\x64\debug\gsclientmodule.obj
e:\work\blessnhs\gwpm\hub\lib\gsnetwork\x64\debug\gsiocp.obj
e:\work\blessnhs\gwpm\hub\lib\gsnetwork\x64\debug\gspacketudp.obj
e:\work\blessnhs\gwpm\hub\lib\gsnetwork\x64\debug\gssocket.obj
e:\work\blessnhs\gwpm\hub\lib\gsnetwork\x64\debug\ifactory.obj
e:\work\blessnhs\gwpm\hub\lib\gsnetwork\x64\debug\lzf_c.obj
e:\work\blessnhs\gwpm\hub\lib\gsnetwork\x64\debug\msg_player_query.obj
e:\work\blessnhs\gwpm\hub\lib\gsnetwork\x64\debug\systimerjob.obj
e:\work\blessnhs\gwpm\hub\lib\gsnetwork\x64\debug\commonsock.obj
e:\work\blessnhs\gwpm\hub\lib\gsnetwork\x64\debug\gsargument.obj
e:\work\blessnhs\gwpm\hub\lib\gsnetwork\x64\debug\gscrypt.obj
e:\work\blessnhs\gwpm\hub\lib\gsnetwork\x64\debug\gsmempool.obj
e:\work\blessnhs\gwpm\hub\lib\gsnetwork\x64\debug\gsreactor.obj
e:\work\blessnhs\gwpm\hub\lib\gsnetwork\x64\debug\gstallocator.obj
e:\work\blessnhs\gwpm\hub\lib\gsnetwork\x64\debug\iplayer.obj
e:\work\blessnhs\gwpm\hub\lib\gsnetwork\x64\debug\minidump.obj
e:\work\blessnhs\gwpm\hub\lib\gsnetwork\x64\debug\msg_player_time.obj
e:\work\blessnhs\gwpm\hub\lib\gsnetwork\x64\debug\dump.obj
e:\work\blessnhs\gwpm\hub\lib\gsnetwork\x64\debug\closeplayer.obj
e:\work\blessnhs\gwpm\hub\lib\gsnetwork\x64\debug\gsclient.obj
e:\work\blessnhs\gwpm\hub\lib\gsnetwork\x64\debug\gsmainprocess.obj
e:\work\blessnhs\gwpm\hub\lib\gsnetwork\x64\debug\gsproactorimpl.obj
e:\work\blessnhs\gwpm\hub\lib\gsnetwork\x64\debug\gssocketudp.obj
e:\work\blessnhs\gwpm\hub\lib\gsnetwork\x64\debug\imanager.obj
e:\work\blessnhs\gwpm\hub\lib\gsnetwork\x64\debug\lzf_d.obj
e:\work\blessnhs\gwpm\hub\lib\gsnetwork\x64\debug\msg_player_query_res.obj
e:\work\blessnhs\gwpm\hub\lib\gsnetwork\x64\debug\typelist.obj
e:\work\blessnhs\gwpm\hub\lib\gsnetwork\x64\debug\sqlite3.obj
e:\work\blessnhs\gwpm\hub\lib\gsnetwork\x64\debug\shell.obj
e:\work\blessnhs\gwpm\hub\lib\gsnetwork\x64\debug\vcpkg.applocal.log
e:\work\blessnhs\gwpm\hub\lib\common\gscore\gsnetwork_d.lib
e:\work\blessnhs\gwpm\hub\lib\gsnetwork\../common/gscore/gsnetwork_d.lib
e:\work\blessnhs\gwpm\hub\lib\gsnetwork\x64\debug\gsnetwork.tlog\cl.command.1.tlog
e:\work\blessnhs\gwpm\hub\lib\gsnetwork\x64\debug\gsnetwork.tlog\cl.read.1.tlog
e:\work\blessnhs\gwpm\hub\lib\gsnetwork\x64\debug\gsnetwork.tlog\cl.write.1.tlog
e:\work\blessnhs\gwpm\hub\lib\gsnetwork\x64\debug\gsnetwork.tlog\gsnetwork.write.1u.tlog
e:\work\blessnhs\gwpm\hub\lib\gsnetwork\x64\debug\gsnetwork.tlog\lib-link.read.1.tlog
e:\work\blessnhs\gwpm\hub\lib\gsnetwork\x64\debug\gsnetwork.tlog\lib-link.write.1.tlog
e:\work\blessnhs\gwpm\hub\lib\gsnetwork\x64\debug\gsnetwork.tlog\lib.command.1.tlog
