d:\work\gsserver\trunk\nhs\common\lib_json\debug\json_writer.obj
d:\work\gsserver\trunk\nhs\common\lib_json\debug\json_value.obj
d:\work\gsserver\trunk\nhs\common\lib_json\debug\json_reader.obj
d:\work\gsserver\trunk\nhs\common\lib_json\debug\vc100.pdb
d:\work\gsserver\trunk\nhs\common\lib_json\json_d.lib
d:\jg_os\trunk\jg\common\lib_json\debug\lib_json.pdb
d:\jg_os\trunk\jg\common\lib_json\debug\json_value.obj
d:\jg_os\trunk\jg\common\lib_json\debug\json_writer.obj
d:\jg_os\trunk\jg\common\lib_json\debug\json_reader.obj
d:\jg_os\trunk\jg\common\lib_json\json_d.lib
d:\jg_os\trunk\jg\common\lib_json\debug\cl.command.1.tlog
d:\jg_os\trunk\jg\common\lib_json\debug\cl.read.1.tlog
d:\jg_os\trunk\jg\common\lib_json\debug\cl.write.1.tlog
d:\jg_os\trunk\jg\common\lib_json\debug\lib-link.read.1.tlog
d:\jg_os\trunk\jg\common\lib_json\debug\lib-link.write.1.tlog
d:\jg_os\trunk\jg\common\lib_json\debug\lib.command.1.tlog
d:\jg_os\trunk\jg\common\lib_json\debug\lib_json.write.1.tlog
d:\jg_os\trunk\jg\common\lib_json\debug\vc100.pdb
d:\jg_os\trunk\jg\common\lib_json\debug\./lib_json.pdb
d:\jg_os\trunk\jg\common\lib_json\debug\lib_json.tlog\cl.command.1.tlog
d:\jg_os\trunk\jg\common\lib_json\debug\lib_json.tlog\cl.read.1.tlog
d:\jg_os\trunk\jg\common\lib_json\debug\lib_json.tlog\cl.write.1.tlog
d:\jg_os\trunk\jg\common\lib_json\debug\lib_json.tlog\lib-link.read.1.tlog
d:\jg_os\trunk\jg\common\lib_json\debug\lib_json.tlog\lib-link.write.1.tlog
d:\jg_os\trunk\jg\common\lib_json\debug\lib_json.tlog\lib.command.1.tlog
